2022-12-21 21:34:29.688 TRACE 21284 --- [http-nio-80-exec-8] o.s.security.web.FilterChainProxy        : Invoking DisableEncodeUrlFilter (1/13)
2022-12-21 21:34:29.689 TRACE 21284 --- [http-nio-80-exec-2] o.s.security.web.FilterChainProxy        : Trying to match request against DefaultSecurityFilterChain [RequestMatcher=any request, Filters=[org.springframework.security.web.session.DisableEncodeUrlFilter@3f0b5619, org.springframework.security.web.context.request.async.WebAsyncManagerIntegrationFilter@67afc9b6, org.springframework.security.web.context.SecurityContextPersistenceFilter@5837cb9e, org.springframework.security.web.header.HeaderWriterFilter@6b7a0f18, org.springframework.security.web.csrf.CsrfFilter@53a3fc8b, org.springframework.security.web.authentication.logout.LogoutFilter@1ecf784f, org.springframework.security.web.authentication.UsernamePasswordAuthenticationFilter@1728d307, org.springframework.security.web.savedrequest.RequestCacheAwareFilter@13552290, org.springframework.security.web.servletapi.SecurityContextHolderAwareRequestFilter@188ab96, org.springframework.security.web.authentication.AnonymousAuthenticationFilter@36ce9eaf, org.springframework.security.web.session.SessionManagementFilter@914ab92, org.springframework.security.web.access.ExceptionTranslationFilter@5929059c, org.springframework.security.web.access.intercept.FilterSecurityInterceptor@296949c8]] (1/1)
2022-12-21 21:34:29.689 TRACE 21284 --- [http-nio-80-exec-7] o.s.security.web.FilterChainProxy        : Trying to match request against DefaultSecurityFilterChain [RequestMatcher=any request, Filters=[org.springframework.security.web.session.DisableEncodeUrlFilter@3f0b5619, org.springframework.security.web.context.request.async.WebAsyncManagerIntegrationFilter@67afc9b6, org.springframework.security.web.context.SecurityContextPersistenceFilter@5837cb9e, org.springframework.security.web.header.HeaderWriterFilter@6b7a0f18, org.springframework.security.web.csrf.CsrfFilter@53a3fc8b, org.springframework.security.web.authentication.logout.LogoutFilter@1ecf784f, org.springframework.security.web.authentication.UsernamePasswordAuthenticationFilter@1728d307, org.springframework.security.web.savedrequest.RequestCacheAwareFilter@13552290, org.springframework.security.web.servletapi.SecurityContextHolderAwareRequestFilter@188ab96, org.springframework.security.web.authentication.AnonymousAuthenticationFilter@36ce9eaf, org.springframework.security.web.session.SessionManagementFilter@914ab92, org.springframework.security.web.access.ExceptionTranslationFilter@5929059c, org.springframework.security.web.access.intercept.FilterSecurityInterceptor@296949c8]] (1/1)
2022-12-21 21:34:29.692 DEBUG 21284 --- [http-nio-80-exec-2] o.s.security.web.FilterChainProxy        : Securing GET /custom.js
2022-12-21 21:34:29.689 TRACE 21284 --- [http-nio-80-exec-4] o.s.security.web.FilterChainProxy        : Trying to match request against DefaultSecurityFilterChain [RequestMatcher=any request, Filters=[org.springframework.security.web.session.DisableEncodeUrlFilter@3f0b5619, org.springframework.security.web.context.request.async.WebAsyncManagerIntegrationFilter@67afc9b6, org.springframework.security.web.context.SecurityContextPersistenceFilter@5837cb9e, org.springframework.security.web.header.HeaderWriterFilter@6b7a0f18, org.springframework.security.web.csrf.CsrfFilter@53a3fc8b, org.springframework.security.web.authentication.logout.LogoutFilter@1ecf784f, org.springframework.security.web.authentication.UsernamePasswordAuthenticationFilter@1728d307, org.springframework.security.web.savedrequest.RequestCacheAwareFilter@13552290, org.springframework.security.web.servletapi.SecurityContextHolderAwareRequestFilter@188ab96, org.springframework.security.web.authentication.AnonymousAuthenticationFilter@36ce9eaf, org.springframework.security.web.session.SessionManagementFilter@914ab92, org.springframework.security.web.access.ExceptionTranslationFilter@5929059c, org.springframework.security.web.access.intercept.FilterSecurityInterceptor@296949c8]] (1/1)
2022-12-21 21:34:29.692 TRACE 21284 --- [http-nio-80-exec-2] o.s.security.web.FilterChainProxy        : Invoking DisableEncodeUrlFilter (1/13)
2022-12-21 21:34:29.688 TRACE 21284 --- [http-nio-80-exec-6] o.s.security.web.FilterChainProxy        : Invoking WebAsyncManagerIntegrationFilter (2/13)
2022-12-21 21:34:29.688 TRACE 21284 --- [http-nio-80-exec-10] o.s.security.web.FilterChainProxy        : Trying to match request against DefaultSecurityFilterChain [RequestMatcher=any request, Filters=[org.springframework.security.web.session.DisableEncodeUrlFilter@3f0b5619, org.springframework.security.web.context.request.async.WebAsyncManagerIntegrationFilter@67afc9b6, org.springframework.security.web.context.SecurityContextPersistenceFilter@5837cb9e, org.springframework.security.web.header.HeaderWriterFilter@6b7a0f18, org.springframework.security.web.csrf.CsrfFilter@53a3fc8b, org.springframework.security.web.authentication.logout.LogoutFilter@1ecf784f, org.springframework.security.web.authentication.UsernamePasswordAuthenticationFilter@1728d307, org.springframework.security.web.savedrequest.RequestCacheAwareFilter@13552290, org.springframework.security.web.servletapi.SecurityContextHolderAwareRequestFilter@188ab96, org.springframework.security.web.authentication.AnonymousAuthenticationFilter@36ce9eaf, org.springframework.security.web.session.SessionManagementFilter@914ab92, org.springframework.security.web.access.ExceptionTranslationFilter@5929059c, org.springframework.security.web.access.intercept.FilterSecurityInterceptor@296949c8]] (1/1)
2022-12-21 21:34:29.691 TRACE 21284 --- [http-nio-80-exec-8] o.s.security.web.FilterChainProxy        : Invoking WebAsyncManagerIntegrationFilter (2/13)
2022-12-21 21:34:29.692 DEBUG 21284 --- [http-nio-80-exec-7] o.s.security.web.FilterChainProxy        : Securing GET /bootstrap.min.js
2022-12-21 21:34:29.692 DEBUG 21284 --- [http-nio-80-exec-4] o.s.security.web.FilterChainProxy        : Securing GET /bootstrap.bundle.min.js
2022-12-21 21:34:29.692 TRACE 21284 --- [http-nio-80-exec-7] o.s.security.web.FilterChainProxy        : Invoking DisableEncodeUrlFilter (1/13)
2022-12-21 21:34:29.692 TRACE 21284 --- [http-nio-80-exec-2] o.s.security.web.FilterChainProxy        : Invoking WebAsyncManagerIntegrationFilter (2/13)
2022-12-21 21:34:29.692 TRACE 21284 --- [http-nio-80-exec-6] o.s.security.web.FilterChainProxy        : Invoking SecurityContextPersistenceFilter (3/13)
2022-12-21 21:34:29.692 DEBUG 21284 --- [http-nio-80-exec-10] o.s.security.web.FilterChainProxy        : Securing GET /jquery-3.6.1.min.js
2022-12-21 21:34:29.692 TRACE 21284 --- [http-nio-80-exec-8] o.s.security.web.FilterChainProxy        : Invoking SecurityContextPersistenceFilter (3/13)
2022-12-21 21:34:29.692 TRACE 21284 --- [http-nio-80-exec-4] o.s.security.web.FilterChainProxy        : Invoking DisableEncodeUrlFilter (1/13)
2022-12-21 21:34:29.692 TRACE 21284 --- [http-nio-80-exec-7] o.s.security.web.FilterChainProxy        : Invoking WebAsyncManagerIntegrationFilter (2/13)
2022-12-21 21:34:29.692 TRACE 21284 --- [http-nio-80-exec-2] o.s.security.web.FilterChainProxy        : Invoking SecurityContextPersistenceFilter (3/13)
2022-12-21 21:34:29.692 TRACE 21284 --- [http-nio-80-exec-4] o.s.security.web.FilterChainProxy        : Invoking WebAsyncManagerIntegrationFilter (2/13)
2022-12-21 21:34:29.692 TRACE 21284 --- [http-nio-80-exec-6] w.c.HttpSessionSecurityContextRepository : Retrieved SecurityContextImpl [Authentication=UsernamePasswordAuthenticationToken [Principal=com.gamershop.admin.security.GamershopUserDetails@179b62cf, Credentials=[PROTECTED], Authenticated=true, Details=WebAuthenticationDetails [RemoteIpAddress=0:0:0:0:0:0:0:1, SessionId=B1302BC0BB4C0B680B8F16A46DFEB04A], Granted Authorities=[Admin, Editor, Seller]]] from SPRING_SECURITY_CONTEXT
2022-12-21 21:34:29.692 TRACE 21284 --- [http-nio-80-exec-10] o.s.security.web.FilterChainProxy        : Invoking DisableEncodeUrlFilter (1/13)
2022-12-21 21:34:29.692 TRACE 21284 --- [http-nio-80-exec-8] w.c.HttpSessionSecurityContextRepository : Retrieved SecurityContextImpl [Authentication=UsernamePasswordAuthenticationToken [Principal=com.gamershop.admin.security.GamershopUserDetails@179b62cf, Credentials=[PROTECTED], Authenticated=true, Details=WebAuthenticationDetails [RemoteIpAddress=0:0:0:0:0:0:0:1, SessionId=B1302BC0BB4C0B680B8F16A46DFEB04A], Granted Authorities=[Admin, Editor, Seller]]] from SPRING_SECURITY_CONTEXT
2022-12-21 21:34:29.692 TRACE 21284 --- [http-nio-80-exec-7] o.s.security.web.FilterChainProxy        : Invoking SecurityContextPersistenceFilter (3/13)
2022-12-21 21:34:29.692 TRACE 21284 --- [http-nio-80-exec-2] w.c.HttpSessionSecurityContextRepository : Retrieved SecurityContextImpl [Authentication=UsernamePasswordAuthenticationToken [Principal=com.gamershop.admin.security.GamershopUserDetails@179b62cf, Credentials=[PROTECTED], Authenticated=true, Details=WebAuthenticationDetails [RemoteIpAddress=0:0:0:0:0:0:0:1, SessionId=B1302BC0BB4C0B680B8F16A46DFEB04A], Granted Authorities=[Admin, Editor, Seller]]] from SPRING_SECURITY_CONTEXT
2022-12-21 21:34:29.693 TRACE 21284 --- [http-nio-80-exec-4] o.s.security.web.FilterChainProxy        : Invoking SecurityContextPersistenceFilter (3/13)
2022-12-21 21:34:29.693 TRACE 21284 --- [http-nio-80-exec-7] w.c.HttpSessionSecurityContextRepository : Retrieved SecurityContextImpl [Authentication=UsernamePasswordAuthenticationToken [Principal=com.gamershop.admin.security.GamershopUserDetails@179b62cf, Credentials=[PROTECTED], Authenticated=true, Details=WebAuthenticationDetails [RemoteIpAddress=0:0:0:0:0:0:0:1, SessionId=B1302BC0BB4C0B680B8F16A46DFEB04A], Granted Authorities=[Admin, Editor, Seller]]] from SPRING_SECURITY_CONTEXT
2022-12-21 21:34:29.693 DEBUG 21284 --- [http-nio-80-exec-2] s.s.w.c.SecurityContextPersistenceFilter : Set SecurityContextHolder to SecurityContextImpl [Authentication=UsernamePasswordAuthenticationToken [Principal=com.gamershop.admin.security.GamershopUserDetails@179b62cf, Credentials=[PROTECTED], Authenticated=true, Details=WebAuthenticationDetails [RemoteIpAddress=0:0:0:0:0:0:0:1, SessionId=B1302BC0BB4C0B680B8F16A46DFEB04A], Granted Authorities=[Admin, Editor, Seller]]]
2022-12-21 21:34:29.693 DEBUG 21284 --- [http-nio-80-exec-6] s.s.w.c.SecurityContextPersistenceFilter : Set SecurityContextHolder to SecurityContextImpl [Authentication=UsernamePasswordAuthenticationToken [Principal=com.gamershop.admin.security.GamershopUserDetails@179b62cf, Credentials=[PROTECTED], Authenticated=true, Details=WebAuthenticationDetails [RemoteIpAddress=0:0:0:0:0:0:0:1, SessionId=B1302BC0BB4C0B680B8F16A46DFEB04A], Granted Authorities=[Admin, Editor, Seller]]]
2022-12-21 21:34:29.693 TRACE 21284 --- [http-nio-80-exec-10] o.s.security.web.FilterChainProxy        : Invoking WebAsyncManagerIntegrationFilter (2/13)
2022-12-21 21:34:29.693 TRACE 21284 --- [http-nio-80-exec-2] o.s.security.web.FilterChainProxy        : Invoking HeaderWriterFilter (4/13)
2022-12-21 21:34:29.693 DEBUG 21284 --- [http-nio-80-exec-8] s.s.w.c.SecurityContextPersistenceFilter : Set SecurityContextHolder to SecurityContextImpl [Authentication=UsernamePasswordAuthenticationToken [Principal=com.gamershop.admin.security.GamershopUserDetails@179b62cf, Credentials=[PROTECTED], Authenticated=true, Details=WebAuthenticationDetails [RemoteIpAddress=0:0:0:0:0:0:0:1, SessionId=B1302BC0BB4C0B680B8F16A46DFEB04A], Granted Authorities=[Admin, Editor, Seller]]]
2022-12-21 21:34:29.693 TRACE 21284 --- [http-nio-80-exec-4] w.c.HttpSessionSecurityContextRepository : Retrieved SecurityContextImpl [Authentication=UsernamePasswordAuthenticationToken [Principal=com.gamershop.admin.security.GamershopUserDetails@179b62cf, Credentials=[PROTECTED], Authenticated=true, Details=WebAuthenticationDetails [RemoteIpAddress=0:0:0:0:0:0:0:1, SessionId=B1302BC0BB4C0B680B8F16A46DFEB04A], Granted Authorities=[Admin, Editor, Seller]]] from SPRING_SECURITY_CONTEXT
2022-12-21 21:34:29.693 DEBUG 21284 --- [http-nio-80-exec-7] s.s.w.c.SecurityContextPersistenceFilter : Set SecurityContextHolder to SecurityContextImpl [Authentication=UsernamePasswordAuthenticationToken [Principal=com.gamershop.admin.security.GamershopUserDetails@179b62cf, Credentials=[PROTECTED], Authenticated=true, Details=WebAuthenticationDetails [RemoteIpAddress=0:0:0:0:0:0:0:1, SessionId=B1302BC0BB4C0B680B8F16A46DFEB04A], Granted Authorities=[Admin, Editor, Seller]]]
2022-12-21 21:34:29.693 DEBUG 21284 --- [http-nio-80-exec-4] s.s.w.c.SecurityContextPersistenceFilter : Set SecurityContextHolder to SecurityContextImpl [Authentication=UsernamePasswordAuthenticationToken [Principal=com.gamershop.admin.security.GamershopUserDetails@179b62cf, Credentials=[PROTECTED], Authenticated=true, Details=WebAuthenticationDetails [RemoteIpAddress=0:0:0:0:0:0:0:1, SessionId=B1302BC0BB4C0B680B8F16A46DFEB04A], Granted Authorities=[Admin, Editor, Seller]]]
2022-12-21 21:34:29.693 TRACE 21284 --- [http-nio-80-exec-6] o.s.security.web.FilterChainProxy        : Invoking HeaderWriterFilter (4/13)
2022-12-21 21:34:29.693 TRACE 21284 --- [http-nio-80-exec-4] o.s.security.web.FilterChainProxy        : Invoking HeaderWriterFilter (4/13)
2022-12-21 21:34:29.693 TRACE 21284 --- [http-nio-80-exec-10] o.s.security.web.FilterChainProxy        : Invoking SecurityContextPersistenceFilter (3/13)
2022-12-21 21:34:29.693 TRACE 21284 --- [http-nio-80-exec-6] o.s.security.web.FilterChainProxy        : Invoking CsrfFilter (5/13)
2022-12-21 21:34:29.693 TRACE 21284 --- [http-nio-80-exec-10] w.c.HttpSessionSecurityContextRepository : Retrieved SecurityContextImpl [Authentication=UsernamePasswordAuthenticationToken [Principal=com.gamershop.admin.security.GamershopUserDetails@179b62cf, Credentials=[PROTECTED], Authenticated=true, Details=WebAuthenticationDetails [RemoteIpAddress=0:0:0:0:0:0:0:1, SessionId=B1302BC0BB4C0B680B8F16A46DFEB04A], Granted Authorities=[Admin, Editor, Seller]]] from SPRING_SECURITY_CONTEXT
2022-12-21 21:34:29.693 TRACE 21284 --- [http-nio-80-exec-2] o.s.security.web.FilterChainProxy        : Invoking CsrfFilter (5/13)
2022-12-21 21:34:29.693 TRACE 21284 --- [http-nio-80-exec-8] o.s.security.web.FilterChainProxy        : Invoking HeaderWriterFilter (4/13)
2022-12-21 21:34:29.693 TRACE 21284 --- [http-nio-80-exec-7] o.s.security.web.FilterChainProxy        : Invoking HeaderWriterFilter (4/13)
2022-12-21 21:34:29.693 TRACE 21284 --- [http-nio-80-exec-4] o.s.security.web.FilterChainProxy        : Invoking CsrfFilter (5/13)
2022-12-21 21:34:29.693 TRACE 21284 --- [http-nio-80-exec-6] o.s.security.web.csrf.CsrfFilter         : Did not protect against CSRF since request did not match CsrfNotRequired [TRACE, HEAD, GET, OPTIONS]
2022-12-21 21:34:29.693 DEBUG 21284 --- [http-nio-80-exec-10] s.s.w.c.SecurityContextPersistenceFilter : Set SecurityContextHolder to SecurityContextImpl [Authentication=UsernamePasswordAuthenticationToken [Principal=com.gamershop.admin.security.GamershopUserDetails@179b62cf, Credentials=[PROTECTED], Authenticated=true, Details=WebAuthenticationDetails [RemoteIpAddress=0:0:0:0:0:0:0:1, SessionId=B1302BC0BB4C0B680B8F16A46DFEB04A], Granted Authorities=[Admin, Editor, Seller]]]
2022-12-21 21:34:29.693 TRACE 21284 --- [http-nio-80-exec-2] o.s.security.web.csrf.CsrfFilter         : Did not protect against CSRF since request did not match CsrfNotRequired [TRACE, HEAD, GET, OPTIONS]
2022-12-21 21:34:29.693 TRACE 21284 --- [http-nio-80-exec-8] o.s.security.web.FilterChainProxy        : Invoking CsrfFilter (5/13)
2022-12-21 21:34:29.693 TRACE 21284 --- [http-nio-80-exec-7] o.s.security.web.FilterChainProxy        : Invoking CsrfFilter (5/13)
2022-12-21 21:34:29.693 TRACE 21284 --- [http-nio-80-exec-4] o.s.security.web.csrf.CsrfFilter         : Did not protect against CSRF since request did not match CsrfNotRequired [TRACE, HEAD, GET, OPTIONS]
2022-12-21 21:34:29.693 TRACE 21284 --- [http-nio-80-exec-6] o.s.security.web.FilterChainProxy        : Invoking LogoutFilter (6/13)
2022-12-21 21:34:29.693 TRACE 21284 --- [http-nio-80-exec-10] o.s.security.web.FilterChainProxy        : Invoking HeaderWriterFilter (4/13)
2022-12-21 21:34:29.693 TRACE 21284 --- [http-nio-80-exec-2] o.s.security.web.FilterChainProxy        : Invoking LogoutFilter (6/13)
2022-12-21 21:34:29.693 TRACE 21284 --- [http-nio-80-exec-8] o.s.security.web.csrf.CsrfFilter         : Did not protect against CSRF since request did not match CsrfNotRequired [TRACE, HEAD, GET, OPTIONS]
2022-12-21 21:34:29.693 TRACE 21284 --- [http-nio-80-exec-7] o.s.security.web.csrf.CsrfFilter         : Did not protect against CSRF since request did not match CsrfNotRequired [TRACE, HEAD, GET, OPTIONS]
2022-12-21 21:34:29.693 TRACE 21284 --- [http-nio-80-exec-8] o.s.security.web.FilterChainProxy        : Invoking LogoutFilter (6/13)
2022-12-21 21:34:29.693 TRACE 21284 --- [http-nio-80-exec-4] o.s.security.web.FilterChainProxy        : Invoking LogoutFilter (6/13)
2022-12-21 21:34:29.693 TRACE 21284 --- [http-nio-80-exec-8] o.s.s.w.a.logout.LogoutFilter            : Did not match request to Ant [pattern='/logout', POST]
2022-12-21 21:34:29.693 TRACE 21284 --- [http-nio-80-exec-6] o.s.s.w.a.logout.LogoutFilter            : Did not match request to Ant [pattern='/logout', POST]
2022-12-21 21:34:29.693 TRACE 21284 --- [http-nio-80-exec-8] o.s.security.web.FilterChainProxy        : Invoking UsernamePasswordAuthenticationFilter (7/13)
2022-12-21 21:34:29.693 TRACE 21284 --- [http-nio-80-exec-6] o.s.security.web.FilterChainProxy        : Invoking UsernamePasswordAuthenticationFilter (7/13)
2022-12-21 21:34:29.693 TRACE 21284 --- [http-nio-80-exec-10] o.s.security.web.FilterChainProxy        : Invoking CsrfFilter (5/13)
2022-12-21 21:34:29.693 TRACE 21284 --- [http-nio-80-exec-6] w.a.UsernamePasswordAuthenticationFilter : Did not match request to Ant [pattern='/login', POST]
2022-12-21 21:34:29.693 TRACE 21284 --- [http-nio-80-exec-2] o.s.s.w.a.logout.LogoutFilter            : Did not match request to Ant [pattern='/logout', POST]
2022-12-21 21:34:29.693 TRACE 21284 --- [http-nio-80-exec-10] o.s.security.web.csrf.CsrfFilter         : Did not protect against CSRF since request did not match CsrfNotRequired [TRACE, HEAD, GET, OPTIONS]
2022-12-21 21:34:29.693 TRACE 21284 --- [http-nio-80-exec-6] o.s.security.web.FilterChainProxy        : Invoking RequestCacheAwareFilter (8/13)
2022-12-21 21:34:29.693 TRACE 21284 --- [http-nio-80-exec-2] o.s.security.web.FilterChainProxy        : Invoking UsernamePasswordAuthenticationFilter (7/13)
2022-12-21 21:34:29.693 TRACE 21284 --- [http-nio-80-exec-7] o.s.security.web.FilterChainProxy        : Invoking LogoutFilter (6/13)
2022-12-21 21:34:29.693 TRACE 21284 --- [http-nio-80-exec-2] w.a.UsernamePasswordAuthenticationFilter : Did not match request to Ant [pattern='/login', POST]
2022-12-21 21:34:29.693 TRACE 21284 --- [http-nio-80-exec-4] o.s.s.w.a.logout.LogoutFilter            : Did not match request to Ant [pattern='/logout', POST]
2022-12-21 21:34:29.693 TRACE 21284 --- [http-nio-80-exec-7] o.s.s.w.a.logout.LogoutFilter            : Did not match request to Ant [pattern='/logout', POST]
2022-12-21 21:34:29.693 TRACE 21284 --- [http-nio-80-exec-8] w.a.UsernamePasswordAuthenticationFilter : Did not match request to Ant [pattern='/login', POST]
2022-12-21 21:34:29.693 TRACE 21284 --- [http-nio-80-exec-10] o.s.security.web.FilterChainProxy        : Invoking LogoutFilter (6/13)
2022-12-21 21:34:29.693 TRACE 21284 --- [http-nio-80-exec-6] o.s.s.w.s.HttpSessionRequestCache        : No saved request
2022-12-21 21:34:29.694 TRACE 21284 --- [http-nio-80-exec-2] o.s.security.web.FilterChainProxy        : Invoking RequestCacheAwareFilter (8/13)
2022-12-21 21:34:29.694 TRACE 21284 --- [http-nio-80-exec-6] o.s.security.web.FilterChainProxy        : Invoking SecurityContextHolderAwareRequestFilter (9/13)
2022-12-21 21:34:29.694 TRACE 21284 --- [http-nio-80-exec-4] o.s.security.web.FilterChainProxy        : Invoking UsernamePasswordAuthenticationFilter (7/13)
2022-12-21 21:34:29.694 TRACE 21284 --- [http-nio-80-exec-7] o.s.security.web.FilterChainProxy        : Invoking UsernamePasswordAuthenticationFilter (7/13)
2022-12-21 21:34:29.694 TRACE 21284 --- [http-nio-80-exec-8] o.s.security.web.FilterChainProxy        : Invoking RequestCacheAwareFilter (8/13)
2022-12-21 21:34:29.694 TRACE 21284 --- [http-nio-80-exec-10] o.s.s.w.a.logout.LogoutFilter            : Did not match request to Ant [pattern='/logout', POST]
2022-12-21 21:34:29.694 TRACE 21284 --- [http-nio-80-exec-8] o.s.s.w.s.HttpSessionRequestCache        : No saved request
2022-12-21 21:34:29.694 TRACE 21284 --- [http-nio-80-exec-2] o.s.s.w.s.HttpSessionRequestCache        : No saved request
2022-12-21 21:34:29.694 TRACE 21284 --- [http-nio-80-exec-8] o.s.security.web.FilterChainProxy        : Invoking SecurityContextHolderAwareRequestFilter (9/13)
2022-12-21 21:34:29.694 TRACE 21284 --- [http-nio-80-exec-6] o.s.security.web.FilterChainProxy        : Invoking AnonymousAuthenticationFilter (10/13)
2022-12-21 21:34:29.694 TRACE 21284 --- [http-nio-80-exec-8] o.s.security.web.FilterChainProxy        : Invoking AnonymousAuthenticationFilter (10/13)
2022-12-21 21:34:29.694 TRACE 21284 --- [http-nio-80-exec-4] w.a.UsernamePasswordAuthenticationFilter : Did not match request to Ant [pattern='/login', POST]
2022-12-21 21:34:29.694 TRACE 21284 --- [http-nio-80-exec-6] o.s.s.w.a.AnonymousAuthenticationFilter  : Did not set SecurityContextHolder since already authenticated UsernamePasswordAuthenticationToken [Principal=com.gamershop.admin.security.GamershopUserDetails@179b62cf, Credentials=[PROTECTED], Authenticated=true, Details=WebAuthenticationDetails [RemoteIpAddress=0:0:0:0:0:0:0:1, SessionId=B1302BC0BB4C0B680B8F16A46DFEB04A], Granted Authorities=[Admin, Editor, Seller]]
2022-12-21 21:34:29.694 TRACE 21284 --- [http-nio-80-exec-4] o.s.security.web.FilterChainProxy        : Invoking RequestCacheAwareFilter (8/13)
2022-12-21 21:34:29.694 TRACE 21284 --- [http-nio-80-exec-7] w.a.UsernamePasswordAuthenticationFilter : Did not match request to Ant [pattern='/login', POST]
2022-12-21 21:34:29.694 TRACE 21284 --- [http-nio-80-exec-4] o.s.s.w.s.HttpSessionRequestCache        : No saved request
2022-12-21 21:34:29.694 TRACE 21284 --- [http-nio-80-exec-10] o.s.security.web.FilterChainProxy        : Invoking UsernamePasswordAuthenticationFilter (7/13)
2022-12-21 21:34:29.694 TRACE 21284 --- [http-nio-80-exec-7] o.s.security.web.FilterChainProxy        : Invoking RequestCacheAwareFilter (8/13)
2022-12-21 21:34:29.694 TRACE 21284 --- [http-nio-80-exec-4] o.s.security.web.FilterChainProxy        : Invoking SecurityContextHolderAwareRequestFilter (9/13)
2022-12-21 21:34:29.694 TRACE 21284 --- [http-nio-80-exec-2] o.s.security.web.FilterChainProxy        : Invoking SecurityContextHolderAwareRequestFilter (9/13)
2022-12-21 21:34:29.694 TRACE 21284 --- [http-nio-80-exec-7] o.s.s.w.s.HttpSessionRequestCache        : No saved request
2022-12-21 21:34:29.694 TRACE 21284 --- [http-nio-80-exec-8] o.s.s.w.a.AnonymousAuthenticationFilter  : Did not set SecurityContextHolder since already authenticated UsernamePasswordAuthenticationToken [Principal=com.gamershop.admin.security.GamershopUserDetails@179b62cf, Credentials=[PROTECTED], Authenticated=true, Details=WebAuthenticationDetails [RemoteIpAddress=0:0:0:0:0:0:0:1, SessionId=B1302BC0BB4C0B680B8F16A46DFEB04A], Granted Authorities=[Admin, Editor, Seller]]
2022-12-21 21:34:29.694 TRACE 21284 --- [http-nio-80-exec-2] o.s.security.web.FilterChainProxy        : Invoking AnonymousAuthenticationFilter (10/13)
2022-12-21 21:34:29.694 TRACE 21284 --- [http-nio-80-exec-7] o.s.security.web.FilterChainProxy        : Invoking SecurityContextHolderAwareRequestFilter (9/13)
2022-12-21 21:34:29.694 TRACE 21284 --- [http-nio-80-exec-2] o.s.s.w.a.AnonymousAuthenticationFilter  : Did not set SecurityContextHolder since already authenticated UsernamePasswordAuthenticationToken [Principal=com.gamershop.admin.security.GamershopUserDetails@179b62cf, Credentials=[PROTECTED], Authenticated=true, Details=WebAuthenticationDetails [RemoteIpAddress=0:0:0:0:0:0:0:1, SessionId=B1302BC0BB4C0B680B8F16A46DFEB04A], Granted Authorities=[Admin, Editor, Seller]]
2022-12-21 21:34:29.694 TRACE 21284 --- [http-nio-80-exec-6] o.s.security.web.FilterChainProxy        : Invoking SessionManagementFilter (11/13)
2022-12-21 21:34:29.694 TRACE 21284 --- [http-nio-80-exec-10] w.a.UsernamePasswordAuthenticationFilter : Did not match request to Ant [pattern='/login', POST]
2022-12-21 21:34:29.694 TRACE 21284 --- [http-nio-80-exec-4] o.s.security.web.FilterChainProxy        : Invoking AnonymousAuthenticationFilter (10/13)
2022-12-21 21:34:29.694 TRACE 21284 --- [http-nio-80-exec-8] o.s.security.web.FilterChainProxy        : Invoking SessionManagementFilter (11/13)
2022-12-21 21:34:29.694 TRACE 21284 --- [http-nio-80-exec-7] o.s.security.web.FilterChainProxy        : Invoking AnonymousAuthenticationFilter (10/13)
2022-12-21 21:34:29.694 TRACE 21284 --- [http-nio-80-exec-2] o.s.security.web.FilterChainProxy        : Invoking SessionManagementFilter (11/13)
2022-12-21 21:34:29.694 TRACE 21284 --- [http-nio-80-exec-6] o.s.security.web.FilterChainProxy        : Invoking ExceptionTranslationFilter (12/13)
2022-12-21 21:34:29.694 TRACE 21284 --- [http-nio-80-exec-10] o.s.security.web.FilterChainProxy        : Invoking RequestCacheAwareFilter (8/13)
2022-12-21 21:34:29.694 TRACE 21284 --- [http-nio-80-exec-4] o.s.s.w.a.AnonymousAuthenticationFilter  : Did not set SecurityContextHolder since already authenticated UsernamePasswordAuthenticationToken [Principal=com.gamershop.admin.security.GamershopUserDetails@179b62cf, Credentials=[PROTECTED], Authenticated=true, Details=WebAuthenticationDetails [RemoteIpAddress=0:0:0:0:0:0:0:1, SessionId=B1302BC0BB4C0B680B8F16A46DFEB04A], Granted Authorities=[Admin, Editor, Seller]]
2022-12-21 21:34:29.694 TRACE 21284 --- [http-nio-80-exec-8] o.s.security.web.FilterChainProxy        : Invoking ExceptionTranslationFilter (12/13)
2022-12-21 21:34:29.694 TRACE 21284 --- [http-nio-80-exec-4] o.s.security.web.FilterChainProxy        : Invoking SessionManagementFilter (11/13)
2022-12-21 21:34:29.694 TRACE 21284 --- [http-nio-80-exec-7] o.s.s.w.a.AnonymousAuthenticationFilter  : Did not set SecurityContextHolder since already authenticated UsernamePasswordAuthenticationToken [Principal=com.gamershop.admin.security.GamershopUserDetails@179b62cf, Credentials=[PROTECTED], Authenticated=true, Details=WebAuthenticationDetails [RemoteIpAddress=0:0:0:0:0:0:0:1, SessionId=B1302BC0BB4C0B680B8F16A46DFEB04A], Granted Authorities=[Admin, Editor, Seller]]
2022-12-21 21:34:29.694 TRACE 21284 --- [http-nio-80-exec-2] o.s.security.web.FilterChainProxy        : Invoking ExceptionTranslationFilter (12/13)
2022-12-21 21:34:29.694 TRACE 21284 --- [http-nio-80-exec-6] o.s.security.web.FilterChainProxy        : Invoking FilterSecurityInterceptor (13/13)
2022-12-21 21:34:29.694 TRACE 21284 --- [http-nio-80-exec-10] o.s.s.w.s.HttpSessionRequestCache        : No saved request
2022-12-21 21:34:29.694 TRACE 21284 --- [http-nio-80-exec-8] o.s.security.web.FilterChainProxy        : Invoking FilterSecurityInterceptor (13/13)
2022-12-21 21:34:29.694 TRACE 21284 --- [http-nio-80-exec-6] edFilterInvocationSecurityMetadataSource : Did not match request to ExactUrl [processUrl='/login?error'] - [permitAll] (1/7)
2022-12-21 21:34:29.694 TRACE 21284 --- [http-nio-80-exec-4] o.s.security.web.FilterChainProxy        : Invoking ExceptionTranslationFilter (12/13)
2022-12-21 21:34:29.694 TRACE 21284 --- [http-nio-80-exec-7] o.s.security.web.FilterChainProxy        : Invoking SessionManagementFilter (11/13)
2022-12-21 21:34:29.694 TRACE 21284 --- [http-nio-80-exec-2] o.s.security.web.FilterChainProxy        : Invoking FilterSecurityInterceptor (13/13)
2022-12-21 21:34:29.694 TRACE 21284 --- [http-nio-80-exec-10] o.s.security.web.FilterChainProxy        : Invoking SecurityContextHolderAwareRequestFilter (9/13)
2022-12-21 21:34:29.694 TRACE 21284 --- [http-nio-80-exec-8] edFilterInvocationSecurityMetadataSource : Did not match request to ExactUrl [processUrl='/login?error'] - [permitAll] (1/7)
2022-12-21 21:34:29.694 TRACE 21284 --- [http-nio-80-exec-2] edFilterInvocationSecurityMetadataSource : Did not match request to ExactUrl [processUrl='/login?error'] - [permitAll] (1/7)
2022-12-21 21:34:29.694 TRACE 21284 --- [http-nio-80-exec-6] edFilterInvocationSecurityMetadataSource : Did not match request to ExactUrl [processUrl='/login'] - [permitAll] (2/7)
2022-12-21 21:34:29.694 TRACE 21284 --- [http-nio-80-exec-4] o.s.security.web.FilterChainProxy        : Invoking FilterSecurityInterceptor (13/13)
2022-12-21 21:34:29.694 TRACE 21284 --- [http-nio-80-exec-7] o.s.security.web.FilterChainProxy        : Invoking ExceptionTranslationFilter (12/13)
2022-12-21 21:34:29.694 TRACE 21284 --- [http-nio-80-exec-10] o.s.security.web.FilterChainProxy        : Invoking AnonymousAuthenticationFilter (10/13)
2022-12-21 21:34:29.694 TRACE 21284 --- [http-nio-80-exec-8] edFilterInvocationSecurityMetadataSource : Did not match request to ExactUrl [processUrl='/login'] - [permitAll] (2/7)
2022-12-21 21:34:29.694 TRACE 21284 --- [http-nio-80-exec-2] edFilterInvocationSecurityMetadataSource : Did not match request to ExactUrl [processUrl='/login'] - [permitAll] (2/7)
2022-12-21 21:34:29.695 TRACE 21284 --- [http-nio-80-exec-6] edFilterInvocationSecurityMetadataSource : Did not match request to ExactUrl [processUrl='/login'] - [permitAll] (3/7)
2022-12-21 21:34:29.695 TRACE 21284 --- [http-nio-80-exec-6] edFilterInvocationSecurityMetadataSource : Did not match request to Ant [pattern='/logout', POST] - [permitAll] (4/7)
2022-12-21 21:34:29.695 TRACE 21284 --- [http-nio-80-exec-8] edFilterInvocationSecurityMetadataSource : Did not match request to ExactUrl [processUrl='/login'] - [permitAll] (3/7)
2022-12-21 21:34:29.695 TRACE 21284 --- [http-nio-80-exec-10] o.s.s.w.a.AnonymousAuthenticationFilter  : Did not set SecurityContextHolder since already authenticated UsernamePasswordAuthenticationToken [Principal=com.gamershop.admin.security.GamershopUserDetails@179b62cf, Credentials=[PROTECTED], Authenticated=true, Details=WebAuthenticationDetails [RemoteIpAddress=0:0:0:0:0:0:0:1, SessionId=B1302BC0BB4C0B680B8F16A46DFEB04A], Granted Authorities=[Admin, Editor, Seller]]
2022-12-21 21:34:29.699 TRACE 21284 --- [http-nio-80-exec-6] edFilterInvocationSecurityMetadataSource : Did not match request to ExactUrl [processUrl='/login?logout'] - [permitAll] (5/7)
2022-12-21 21:34:29.695 TRACE 21284 --- [http-nio-80-exec-2] edFilterInvocationSecurityMetadataSource : Did not match request to ExactUrl [processUrl='/login'] - [permitAll] (3/7)
2022-12-21 21:34:29.699 TRACE 21284 --- [http-nio-80-exec-6] edFilterInvocationSecurityMetadataSource : Did not match request to Ant [pattern='/users**/'] - [hasAuthority('Admin')] (6/7)
2022-12-21 21:34:29.695 TRACE 21284 --- [http-nio-80-exec-7] o.s.security.web.FilterChainProxy        : Invoking FilterSecurityInterceptor (13/13)
2022-12-21 21:34:29.700 TRACE 21284 --- [http-nio-80-exec-2] edFilterInvocationSecurityMetadataSource : Did not match request to Ant [pattern='/logout', POST] - [permitAll] (4/7)
2022-12-21 21:34:29.700 TRACE 21284 --- [http-nio-80-exec-6] o.s.s.w.a.i.FilterSecurityInterceptor    : Did not re-authenticate UsernamePasswordAuthenticationToken [Principal=com.gamershop.admin.security.GamershopUserDetails@179b62cf, Credentials=[PROTECTED], Authenticated=true, Details=WebAuthenticationDetails [RemoteIpAddress=0:0:0:0:0:0:0:1, SessionId=B1302BC0BB4C0B680B8F16A46DFEB04A], Granted Authorities=[Admin, Editor, Seller]] before authorizing
2022-12-21 21:34:29.700 TRACE 21284 --- [http-nio-80-exec-7] edFilterInvocationSecurityMetadataSource : Did not match request to ExactUrl [processUrl='/login?error'] - [permitAll] (1/7)
2022-12-21 21:34:29.700 TRACE 21284 --- [http-nio-80-exec-6] o.s.s.w.a.i.FilterSecurityInterceptor    : Authorizing filter invocation [GET /bootstrap.min.css] with attributes [authenticated]
2022-12-21 21:34:29.700 TRACE 21284 --- [http-nio-80-exec-7] edFilterInvocationSecurityMetadataSource : Did not match request to ExactUrl [processUrl='/login'] - [permitAll] (2/7)
2022-12-21 21:34:29.695 TRACE 21284 --- [http-nio-80-exec-4] edFilterInvocationSecurityMetadataSource : Did not match request to ExactUrl [processUrl='/login?error'] - [permitAll] (1/7)
2022-12-21 21:34:29.699 TRACE 21284 --- [http-nio-80-exec-10] o.s.security.web.FilterChainProxy        : Invoking SessionManagementFilter (11/13)
2022-12-21 21:34:29.700 TRACE 21284 --- [http-nio-80-exec-10] o.s.security.web.FilterChainProxy        : Invoking ExceptionTranslationFilter (12/13)
2022-12-21 21:34:29.700 TRACE 21284 --- [http-nio-80-exec-10] o.s.security.web.FilterChainProxy        : Invoking FilterSecurityInterceptor (13/13)
2022-12-21 21:34:29.700 TRACE 21284 --- [http-nio-80-exec-10] edFilterInvocationSecurityMetadataSource : Did not match request to ExactUrl [processUrl='/login?error'] - [permitAll] (1/7)
2022-12-21 21:34:29.700 TRACE 21284 --- [http-nio-80-exec-10] edFilterInvocationSecurityMetadataSource : Did not match request to ExactUrl [processUrl='/login'] - [permitAll] (2/7)
2022-12-21 21:34:29.699 TRACE 21284 --- [http-nio-80-exec-8] edFilterInvocationSecurityMetadataSource : Did not match request to Ant [pattern='/logout', POST] - [permitAll] (4/7)
2022-12-21 21:34:29.700 TRACE 21284 --- [http-nio-80-exec-2] edFilterInvocationSecurityMetadataSource : Did not match request to ExactUrl [processUrl='/login?logout'] - [permitAll] (5/7)
2022-12-21 21:34:29.700 TRACE 21284 --- [http-nio-80-exec-8] edFilterInvocationSecurityMetadataSource : Did not match request to ExactUrl [processUrl='/login?logout'] - [permitAll] (5/7)
2022-12-21 21:34:29.700 TRACE 21284 --- [http-nio-80-exec-2] edFilterInvocationSecurityMetadataSource : Did not match request to Ant [pattern='/users**/'] - [hasAuthority('Admin')] (6/7)
2022-12-21 21:34:29.700 TRACE 21284 --- [http-nio-80-exec-8] edFilterInvocationSecurityMetadataSource : Did not match request to Ant [pattern='/users**/'] - [hasAuthority('Admin')] (6/7)
2022-12-21 21:34:29.700 TRACE 21284 --- [http-nio-80-exec-2] o.s.s.w.a.i.FilterSecurityInterceptor    : Did not re-authenticate UsernamePasswordAuthenticationToken [Principal=com.gamershop.admin.security.GamershopUserDetails@179b62cf, Credentials=[PROTECTED], Authenticated=true, Details=WebAuthenticationDetails [RemoteIpAddress=0:0:0:0:0:0:0:1, SessionId=B1302BC0BB4C0B680B8F16A46DFEB04A], Granted Authorities=[Admin, Editor, Seller]] before authorizing
2022-12-21 21:34:29.700 TRACE 21284 --- [http-nio-80-exec-8] o.s.s.w.a.i.FilterSecurityInterceptor    : Did not re-authenticate UsernamePasswordAuthenticationToken [Principal=com.gamershop.admin.security.GamershopUserDetails@179b62cf, Credentials=[PROTECTED], Authenticated=true, Details=WebAuthenticationDetails [RemoteIpAddress=0:0:0:0:0:0:0:1, SessionId=B1302BC0BB4C0B680B8F16A46DFEB04A], Granted Authorities=[Admin, Editor, Seller]] before authorizing
2022-12-21 21:34:29.700 TRACE 21284 --- [http-nio-80-exec-2] o.s.s.w.a.i.FilterSecurityInterceptor    : Authorizing filter invocation [GET /custom.js] with attributes [authenticated]
2022-12-21 21:34:29.700 TRACE 21284 --- [http-nio-80-exec-8] o.s.s.w.a.i.FilterSecurityInterceptor    : Authorizing filter invocation [GET /richtext.min.css] with attributes [authenticated]
2022-12-21 21:34:29.700 TRACE 21284 --- [http-nio-80-exec-7] edFilterInvocationSecurityMetadataSource : Did not match request to ExactUrl [processUrl='/login'] - [permitAll] (3/7)
2022-12-21 21:34:29.700 TRACE 21284 --- [http-nio-80-exec-7] edFilterInvocationSecurityMetadataSource : Did not match request to Ant [pattern='/logout', POST] - [permitAll] (4/7)
2022-12-21 21:34:29.700 DEBUG 21284 --- [http-nio-80-exec-8] o.s.s.w.a.i.FilterSecurityInterceptor    : Authorized filter invocation [GET /richtext.min.css] with attributes [authenticated]
2022-12-21 21:34:29.700 TRACE 21284 --- [http-nio-80-exec-7] edFilterInvocationSecurityMetadataSource : Did not match request to ExactUrl [processUrl='/login?logout'] - [permitAll] (5/7)
2022-12-21 21:34:29.700 TRACE 21284 --- [http-nio-80-exec-4] edFilterInvocationSecurityMetadataSource : Did not match request to ExactUrl [processUrl='/login'] - [permitAll] (2/7)
2022-12-21 21:34:29.700 TRACE 21284 --- [http-nio-80-exec-10] edFilterInvocationSecurityMetadataSource : Did not match request to ExactUrl [processUrl='/login'] - [permitAll] (3/7)
2022-12-21 21:34:29.701 TRACE 21284 --- [http-nio-80-exec-4] edFilterInvocationSecurityMetadataSource : Did not match request to ExactUrl [processUrl='/login'] - [permitAll] (3/7)
2022-12-21 21:34:29.700 DEBUG 21284 --- [http-nio-80-exec-6] o.s.s.w.a.i.FilterSecurityInterceptor    : Authorized filter invocation [GET /bootstrap.min.css] with attributes [authenticated]
2022-12-21 21:34:29.701 TRACE 21284 --- [http-nio-80-exec-4] edFilterInvocationSecurityMetadataSource : Did not match request to Ant [pattern='/logout', POST] - [permitAll] (4/7)
2022-12-21 21:34:29.700 DEBUG 21284 --- [http-nio-80-exec-2] o.s.s.w.a.i.FilterSecurityInterceptor    : Authorized filter invocation [GET /custom.js] with attributes [authenticated]
2022-12-21 21:34:29.701 TRACE 21284 --- [http-nio-80-exec-4] edFilterInvocationSecurityMetadataSource : Did not match request to ExactUrl [processUrl='/login?logout'] - [permitAll] (5/7)
2022-12-21 21:34:29.701 TRACE 21284 --- [http-nio-80-exec-2] o.s.s.w.a.i.FilterSecurityInterceptor    : Did not switch RunAs authentication since RunAsManager returned null
2022-12-21 21:34:29.701 TRACE 21284 --- [http-nio-80-exec-4] edFilterInvocationSecurityMetadataSource : Did not match request to Ant [pattern='/users**/'] - [hasAuthority('Admin')] (6/7)
2022-12-21 21:34:29.701 DEBUG 21284 --- [http-nio-80-exec-2] o.s.security.web.FilterChainProxy        : Secured GET /custom.js
2022-12-21 21:34:29.701 TRACE 21284 --- [http-nio-80-exec-4] o.s.s.w.a.i.FilterSecurityInterceptor    : Did not re-authenticate UsernamePasswordAuthenticationToken [Principal=com.gamershop.admin.security.GamershopUserDetails@179b62cf, Credentials=[PROTECTED], Authenticated=true, Details=WebAuthenticationDetails [RemoteIpAddress=0:0:0:0:0:0:0:1, SessionId=B1302BC0BB4C0B680B8F16A46DFEB04A], Granted Authorities=[Admin, Editor, Seller]] before authorizing
2022-12-21 21:34:29.700 TRACE 21284 --- [http-nio-80-exec-8] o.s.s.w.a.i.FilterSecurityInterceptor    : Did not switch RunAs authentication since RunAsManager returned null
2022-12-21 21:34:29.701 TRACE 21284 --- [http-nio-80-exec-4] o.s.s.w.a.i.FilterSecurityInterceptor    : Authorizing filter invocation [GET /bootstrap.bundle.min.js] with attributes [authenticated]
2022-12-21 21:34:29.700 TRACE 21284 --- [http-nio-80-exec-7] edFilterInvocationSecurityMetadataSource : Did not match request to Ant [pattern='/users**/'] - [hasAuthority('Admin')] (6/7)
2022-12-21 21:34:29.701 TRACE 21284 --- [http-nio-80-exec-10] edFilterInvocationSecurityMetadataSource : Did not match request to Ant [pattern='/logout', POST] - [permitAll] (4/7)
2022-12-21 21:34:29.701 TRACE 21284 --- [http-nio-80-exec-6] o.s.s.w.a.i.FilterSecurityInterceptor    : Did not switch RunAs authentication since RunAsManager returned null
2022-12-21 21:34:29.701 DEBUG 21284 --- [http-nio-80-exec-8] o.s.security.web.FilterChainProxy        : Secured GET /richtext.min.css
2022-12-21 21:34:29.701 TRACE 21284 --- [http-nio-80-exec-7] o.s.s.w.a.i.FilterSecurityInterceptor    : Did not re-authenticate UsernamePasswordAuthenticationToken [Principal=com.gamershop.admin.security.GamershopUserDetails@179b62cf, Credentials=[PROTECTED], Authenticated=true, Details=WebAuthenticationDetails [RemoteIpAddress=0:0:0:0:0:0:0:1, SessionId=B1302BC0BB4C0B680B8F16A46DFEB04A], Granted Authorities=[Admin, Editor, Seller]] before authorizing
2022-12-21 21:34:29.701 DEBUG 21284 --- [http-nio-80-exec-4] o.s.s.w.a.i.FilterSecurityInterceptor    : Authorized filter invocation [GET /bootstrap.bundle.min.js] with attributes [authenticated]
2022-12-21 21:34:29.701 TRACE 21284 --- [http-nio-80-exec-10] edFilterInvocationSecurityMetadataSource : Did not match request to ExactUrl [processUrl='/login?logout'] - [permitAll] (5/7)
2022-12-21 21:34:29.701 TRACE 21284 --- [http-nio-80-exec-7] o.s.s.w.a.i.FilterSecurityInterceptor    : Authorizing filter invocation [GET /bootstrap.min.js] with attributes [authenticated]
2022-12-21 21:34:29.701 TRACE 21284 --- [http-nio-80-exec-4] o.s.s.w.a.i.FilterSecurityInterceptor    : Did not switch RunAs authentication since RunAsManager returned null
2022-12-21 21:34:29.701 TRACE 21284 --- [http-nio-80-exec-10] edFilterInvocationSecurityMetadataSource : Did not match request to Ant [pattern='/users**/'] - [hasAuthority('Admin')] (6/7)
2022-12-21 21:34:29.701 DEBUG 21284 --- [http-nio-80-exec-6] o.s.security.web.FilterChainProxy        : Secured GET /bootstrap.min.css
2022-12-21 21:34:29.701 TRACE 21284 --- [http-nio-80-exec-10] o.s.s.w.a.i.FilterSecurityInterceptor    : Did not re-authenticate UsernamePasswordAuthenticationToken [Principal=com.gamershop.admin.security.GamershopUserDetails@179b62cf, Credentials=[PROTECTED], Authenticated=true, Details=WebAuthenticationDetails [RemoteIpAddress=0:0:0:0:0:0:0:1, SessionId=B1302BC0BB4C0B680B8F16A46DFEB04A], Granted Authorities=[Admin, Editor, Seller]] before authorizing
2022-12-21 21:34:29.701 TRACE 21284 --- [http-nio-80-exec-10] o.s.s.w.a.i.FilterSecurityInterceptor    : Authorizing filter invocation [GET /jquery-3.6.1.min.js] with attributes [authenticated]
2022-12-21 21:34:29.701 DEBUG 21284 --- [http-nio-80-exec-10] o.s.s.w.a.i.FilterSecurityInterceptor    : Authorized filter invocation [GET /jquery-3.6.1.min.js] with attributes [authenticated]
2022-12-21 21:34:29.701 TRACE 21284 --- [http-nio-80-exec-10] o.s.s.w.a.i.FilterSecurityInterceptor    : Did not switch RunAs authentication since RunAsManager returned null
2022-12-21 21:34:29.701 DEBUG 21284 --- [http-nio-80-exec-4] o.s.security.web.FilterChainProxy        : Secured GET /bootstrap.bundle.min.js
2022-12-21 21:34:29.701 DEBUG 21284 --- [http-nio-80-exec-7] o.s.s.w.a.i.FilterSecurityInterceptor    : Authorized filter invocation [GET /bootstrap.min.js] with attributes [authenticated]
2022-12-21 21:34:29.702 TRACE 21284 --- [http-nio-80-exec-7] o.s.s.w.a.i.FilterSecurityInterceptor    : Did not switch RunAs authentication since RunAsManager returned null
2022-12-21 21:34:29.702 DEBUG 21284 --- [http-nio-80-exec-7] o.s.security.web.FilterChainProxy        : Secured GET /bootstrap.min.js
2022-12-21 21:34:29.702 DEBUG 21284 --- [http-nio-80-exec-10] o.s.security.web.FilterChainProxy        : Secured GET /jquery-3.6.1.min.js
2022-12-21 21:34:29.703 TRACE 21284 --- [http-nio-80-exec-2] o.s.s.w.header.writers.HstsHeaderWriter  : Not injecting HSTS header since it did not match request to [Is Secure]
2022-12-21 21:34:29.703 TRACE 21284 --- [http-nio-80-exec-8] o.s.s.w.header.writers.HstsHeaderWriter  : Not injecting HSTS header since it did not match request to [Is Secure]
2022-12-21 21:34:29.703 TRACE 21284 --- [http-nio-80-exec-6] o.s.s.w.header.writers.HstsHeaderWriter  : Not injecting HSTS header since it did not match request to [Is Secure]
2022-12-21 21:34:29.703 TRACE 21284 --- [http-nio-80-exec-7] o.s.s.w.header.writers.HstsHeaderWriter  : Not injecting HSTS header since it did not match request to [Is Secure]
2022-12-21 21:34:29.704 TRACE 21284 --- [http-nio-80-exec-4] o.s.s.w.header.writers.HstsHeaderWriter  : Not injecting HSTS header since it did not match request to [Is Secure]
2022-12-21 21:34:29.704 TRACE 21284 --- [http-nio-80-exec-10] o.s.s.w.header.writers.HstsHeaderWriter  : Not injecting HSTS header since it did not match request to [Is Secure]
2022-12-21 21:34:29.703 DEBUG 21284 --- [http-nio-80-exec-2] s.s.w.c.SecurityContextPersistenceFilter : Cleared SecurityContextHolder to complete request
2022-12-21 21:34:29.703 DEBUG 21284 --- [http-nio-80-exec-8] s.s.w.c.SecurityContextPersistenceFilter : Cleared SecurityContextHolder to complete request
2022-12-21 21:34:29.704 DEBUG 21284 --- [http-nio-80-exec-4] s.s.w.c.SecurityContextPersistenceFilter : Cleared SecurityContextHolder to complete request
2022-12-21 21:34:29.705 DEBUG 21284 --- [http-nio-80-exec-10] s.s.w.c.SecurityContextPersistenceFilter : Cleared SecurityContextHolder to complete request
2022-12-21 21:34:29.704 DEBUG 21284 --- [http-nio-80-exec-7] s.s.w.c.SecurityContextPersistenceFilter : Cleared SecurityContextHolder to complete request
2022-12-21 21:34:29.706 DEBUG 21284 --- [http-nio-80-exec-6] s.s.w.c.SecurityContextPersistenceFilter : Cleared SecurityContextHolder to complete request
2022-12-21 21:34:29.706 TRACE 21284 --- [http-nio-80-exec-9] o.s.security.web.FilterChainProxy        : Trying to match request against DefaultSecurityFilterChain [RequestMatcher=any request, Filters=[org.springframework.security.web.session.DisableEncodeUrlFilter@3f0b5619, org.springframework.security.web.context.request.async.WebAsyncManagerIntegrationFilter@67afc9b6, org.springframework.security.web.context.SecurityContextPersistenceFilter@5837cb9e, org.springframework.security.web.header.HeaderWriterFilter@6b7a0f18, org.springframework.security.web.csrf.CsrfFilter@53a3fc8b, org.springframework.security.web.authentication.logout.LogoutFilter@1ecf784f, org.springframework.security.web.authentication.UsernamePasswordAuthenticationFilter@1728d307, org.springframework.security.web.savedrequest.RequestCacheAwareFilter@13552290, org.springframework.security.web.servletapi.SecurityContextHolderAwareRequestFilter@188ab96, org.springframework.security.web.authentication.AnonymousAuthenticationFilter@36ce9eaf, org.springframework.security.web.session.SessionManagementFilter@914ab92, org.springframework.security.web.access.ExceptionTranslationFilter@5929059c, org.springframework.security.web.access.intercept.FilterSecurityInterceptor@296949c8]] (1/1)
2022-12-21 21:34:29.706 DEBUG 21284 --- [http-nio-80-exec-9] o.s.security.web.FilterChainProxy        : Securing GET /prism.js
2022-12-21 21:34:29.706 TRACE 21284 --- [http-nio-80-exec-9] o.s.security.web.FilterChainProxy        : Invoking DisableEncodeUrlFilter (1/13)
2022-12-21 21:34:29.706 TRACE 21284 --- [http-nio-80-exec-9] o.s.security.web.FilterChainProxy        : Invoking WebAsyncManagerIntegrationFilter (2/13)
2022-12-21 21:34:29.706 TRACE 21284 --- [http-nio-80-exec-9] o.s.security.web.FilterChainProxy        : Invoking SecurityContextPersistenceFilter (3/13)
2022-12-21 21:34:29.706 TRACE 21284 --- [http-nio-80-exec-9] w.c.HttpSessionSecurityContextRepository : Retrieved SecurityContextImpl [Authentication=UsernamePasswordAuthenticationToken [Principal=com.gamershop.admin.security.GamershopUserDetails@179b62cf, Credentials=[PROTECTED], Authenticated=true, Details=WebAuthenticationDetails [RemoteIpAddress=0:0:0:0:0:0:0:1, SessionId=B1302BC0BB4C0B680B8F16A46DFEB04A], Granted Authorities=[Admin, Editor, Seller]]] from SPRING_SECURITY_CONTEXT
2022-12-21 21:34:29.707 DEBUG 21284 --- [http-nio-80-exec-9] s.s.w.c.SecurityContextPersistenceFilter : Set SecurityContextHolder to SecurityContextImpl [Authentication=UsernamePasswordAuthenticationToken [Principal=com.gamershop.admin.security.GamershopUserDetails@179b62cf, Credentials=[PROTECTED], Authenticated=true, Details=WebAuthenticationDetails [RemoteIpAddress=0:0:0:0:0:0:0:1, SessionId=B1302BC0BB4C0B680B8F16A46DFEB04A], Granted Authorities=[Admin, Editor, Seller]]]
2022-12-21 21:34:29.707 TRACE 21284 --- [http-nio-80-exec-9] o.s.security.web.FilterChainProxy        : Invoking HeaderWriterFilter (4/13)
2022-12-21 21:34:29.707 TRACE 21284 --- [http-nio-80-exec-9] o.s.security.web.FilterChainProxy        : Invoking CsrfFilter (5/13)
2022-12-21 21:34:29.707 TRACE 21284 --- [http-nio-80-exec-9] o.s.security.web.csrf.CsrfFilter         : Did not protect against CSRF since request did not match CsrfNotRequired [TRACE, HEAD, GET, OPTIONS]
2022-12-21 21:34:29.707 TRACE 21284 --- [http-nio-80-exec-9] o.s.security.web.FilterChainProxy        : Invoking LogoutFilter (6/13)
2022-12-21 21:34:29.707 TRACE 21284 --- [http-nio-80-exec-9] o.s.s.w.a.logout.LogoutFilter            : Did not match request to Ant [pattern='/logout', POST]
2022-12-21 21:34:29.707 TRACE 21284 --- [http-nio-80-exec-9] o.s.security.web.FilterChainProxy        : Invoking UsernamePasswordAuthenticationFilter (7/13)
2022-12-21 21:34:29.707 TRACE 21284 --- [http-nio-80-exec-9] w.a.UsernamePasswordAuthenticationFilter : Did not match request to Ant [pattern='/login', POST]
2022-12-21 21:34:29.707 TRACE 21284 --- [http-nio-80-exec-9] o.s.security.web.FilterChainProxy        : Invoking RequestCacheAwareFilter (8/13)
2022-12-21 21:34:29.707 TRACE 21284 --- [http-nio-80-exec-9] o.s.s.w.s.HttpSessionRequestCache        : No saved request
2022-12-21 21:34:29.707 TRACE 21284 --- [http-nio-80-exec-9] o.s.security.web.FilterChainProxy        : Invoking SecurityContextHolderAwareRequestFilter (9/13)
2022-12-21 21:34:29.707 TRACE 21284 --- [http-nio-80-exec-9] o.s.security.web.FilterChainProxy        : Invoking AnonymousAuthenticationFilter (10/13)
2022-12-21 21:34:29.707 TRACE 21284 --- [http-nio-80-exec-9] o.s.s.w.a.AnonymousAuthenticationFilter  : Did not set SecurityContextHolder since already authenticated UsernamePasswordAuthenticationToken [Principal=com.gamershop.admin.security.GamershopUserDetails@179b62cf, Credentials=[PROTECTED], Authenticated=true, Details=WebAuthenticationDetails [RemoteIpAddress=0:0:0:0:0:0:0:1, SessionId=B1302BC0BB4C0B680B8F16A46DFEB04A], Granted Authorities=[Admin, Editor, Seller]]
2022-12-21 21:34:29.707 TRACE 21284 --- [http-nio-80-exec-9] o.s.security.web.FilterChainProxy        : Invoking SessionManagementFilter (11/13)
2022-12-21 21:34:29.707 TRACE 21284 --- [http-nio-80-exec-9] o.s.security.web.FilterChainProxy        : Invoking ExceptionTranslationFilter (12/13)
2022-12-21 21:34:29.707 TRACE 21284 --- [http-nio-80-exec-9] o.s.security.web.FilterChainProxy        : Invoking FilterSecurityInterceptor (13/13)
2022-12-21 21:34:29.707 TRACE 21284 --- [http-nio-80-exec-9] edFilterInvocationSecurityMetadataSource : Did not match request to ExactUrl [processUrl='/login?error'] - [permitAll] (1/7)
2022-12-21 21:34:29.707 TRACE 21284 --- [http-nio-80-exec-9] edFilterInvocationSecurityMetadataSource : Did not match request to ExactUrl [processUrl='/login'] - [permitAll] (2/7)
2022-12-21 21:34:29.707 TRACE 21284 --- [http-nio-80-exec-5] o.s.security.web.FilterChainProxy        : Trying to match request against DefaultSecurityFilterChain [RequestMatcher=any request, Filters=[org.springframework.security.web.session.DisableEncodeUrlFilter@3f0b5619, org.springframework.security.web.context.request.async.WebAsyncManagerIntegrationFilter@67afc9b6, org.springframework.security.web.context.SecurityContextPersistenceFilter@5837cb9e, org.springframework.security.web.header.HeaderWriterFilter@6b7a0f18, org.springframework.security.web.csrf.CsrfFilter@53a3fc8b, org.springframework.security.web.authentication.logout.LogoutFilter@1ecf784f, org.springframework.security.web.authentication.UsernamePasswordAuthenticationFilter@1728d307, org.springframework.security.web.savedrequest.RequestCacheAwareFilter@13552290, org.springframework.security.web.servletapi.SecurityContextHolderAwareRequestFilter@188ab96, org.springframework.security.web.authentication.AnonymousAuthenticationFilter@36ce9eaf, org.springframework.security.web.session.SessionManagementFilter@914ab92, org.springframework.security.web.access.ExceptionTranslationFilter@5929059c, org.springframework.security.web.access.intercept.FilterSecurityInterceptor@296949c8]] (1/1)
2022-12-21 21:34:29.707 TRACE 21284 --- [http-nio-80-exec-9] edFilterInvocationSecurityMetadataSource : Did not match request to ExactUrl [processUrl='/login'] - [permitAll] (3/7)
2022-12-21 21:34:29.707 DEBUG 21284 --- [http-nio-80-exec-5] o.s.security.web.FilterChainProxy        : Securing GET /jquery.richtext.min.js
2022-12-21 21:34:29.707 TRACE 21284 --- [http-nio-80-exec-9] edFilterInvocationSecurityMetadataSource : Did not match request to Ant [pattern='/logout', POST] - [permitAll] (4/7)
2022-12-21 21:34:29.708 TRACE 21284 --- [http-nio-80-exec-5] o.s.security.web.FilterChainProxy        : Invoking DisableEncodeUrlFilter (1/13)
2022-12-21 21:34:29.708 TRACE 21284 --- [http-nio-80-exec-9] edFilterInvocationSecurityMetadataSource : Did not match request to ExactUrl [processUrl='/login?logout'] - [permitAll] (5/7)
2022-12-21 21:34:29.708 TRACE 21284 --- [http-nio-80-exec-5] o.s.security.web.FilterChainProxy        : Invoking WebAsyncManagerIntegrationFilter (2/13)
2022-12-21 21:34:29.708 TRACE 21284 --- [http-nio-80-exec-9] edFilterInvocationSecurityMetadataSource : Did not match request to Ant [pattern='/users**/'] - [hasAuthority('Admin')] (6/7)
2022-12-21 21:34:29.708 TRACE 21284 --- [http-nio-80-exec-5] o.s.security.web.FilterChainProxy        : Invoking SecurityContextPersistenceFilter (3/13)
2022-12-21 21:34:29.708 TRACE 21284 --- [http-nio-80-exec-9] o.s.s.w.a.i.FilterSecurityInterceptor    : Did not re-authenticate UsernamePasswordAuthenticationToken [Principal=com.gamershop.admin.security.GamershopUserDetails@179b62cf, Credentials=[PROTECTED], Authenticated=true, Details=WebAuthenticationDetails [RemoteIpAddress=0:0:0:0:0:0:0:1, SessionId=B1302BC0BB4C0B680B8F16A46DFEB04A], Granted Authorities=[Admin, Editor, Seller]] before authorizing
2022-12-21 21:34:29.708 TRACE 21284 --- [http-nio-80-exec-5] w.c.HttpSessionSecurityContextRepository : Retrieved SecurityContextImpl [Authentication=UsernamePasswordAuthenticationToken [Principal=com.gamershop.admin.security.GamershopUserDetails@179b62cf, Credentials=[PROTECTED], Authenticated=true, Details=WebAuthenticationDetails [RemoteIpAddress=0:0:0:0:0:0:0:1, SessionId=B1302BC0BB4C0B680B8F16A46DFEB04A], Granted Authorities=[Admin, Editor, Seller]]] from SPRING_SECURITY_CONTEXT
2022-12-21 21:34:29.708 TRACE 21284 --- [http-nio-80-exec-9] o.s.s.w.a.i.FilterSecurityInterceptor    : Authorizing filter invocation [GET /prism.js] with attributes [authenticated]
2022-12-21 21:34:29.708 DEBUG 21284 --- [http-nio-80-exec-5] s.s.w.c.SecurityContextPersistenceFilter : Set SecurityContextHolder to SecurityContextImpl [Authentication=UsernamePasswordAuthenticationToken [Principal=com.gamershop.admin.security.GamershopUserDetails@179b62cf, Credentials=[PROTECTED], Authenticated=true, Details=WebAuthenticationDetails [RemoteIpAddress=0:0:0:0:0:0:0:1, SessionId=B1302BC0BB4C0B680B8F16A46DFEB04A], Granted Authorities=[Admin, Editor, Seller]]]
2022-12-21 21:34:29.708 TRACE 21284 --- [http-nio-80-exec-5] o.s.security.web.FilterChainProxy        : Invoking HeaderWriterFilter (4/13)
2022-12-21 21:34:29.708 TRACE 21284 --- [http-nio-80-exec-5] o.s.security.web.FilterChainProxy        : Invoking CsrfFilter (5/13)
2022-12-21 21:34:29.708 TRACE 21284 --- [http-nio-80-exec-5] o.s.security.web.csrf.CsrfFilter         : Did not protect against CSRF since request did not match CsrfNotRequired [TRACE, HEAD, GET, OPTIONS]
2022-12-21 21:34:29.708 DEBUG 21284 --- [http-nio-80-exec-9] o.s.s.w.a.i.FilterSecurityInterceptor    : Authorized filter invocation [GET /prism.js] with attributes [authenticated]
2022-12-21 21:34:29.708 TRACE 21284 --- [http-nio-80-exec-5] o.s.security.web.FilterChainProxy        : Invoking LogoutFilter (6/13)
2022-12-21 21:34:29.708 TRACE 21284 --- [http-nio-80-exec-9] o.s.s.w.a.i.FilterSecurityInterceptor    : Did not switch RunAs authentication since RunAsManager returned null
2022-12-21 21:34:29.708 TRACE 21284 --- [http-nio-80-exec-5] o.s.s.w.a.logout.LogoutFilter            : Did not match request to Ant [pattern='/logout', POST]
2022-12-21 21:34:29.708 DEBUG 21284 --- [http-nio-80-exec-9] o.s.security.web.FilterChainProxy        : Secured GET /prism.js
2022-12-21 21:34:29.708 TRACE 21284 --- [http-nio-80-exec-5] o.s.security.web.FilterChainProxy        : Invoking UsernamePasswordAuthenticationFilter (7/13)
2022-12-21 21:34:29.708 TRACE 21284 --- [http-nio-80-exec-5] w.a.UsernamePasswordAuthenticationFilter : Did not match request to Ant [pattern='/login', POST]
2022-12-21 21:34:29.708 TRACE 21284 --- [http-nio-80-exec-5] o.s.security.web.FilterChainProxy        : Invoking RequestCacheAwareFilter (8/13)
2022-12-21 21:34:29.708 TRACE 21284 --- [http-nio-80-exec-5] o.s.s.w.s.HttpSessionRequestCache        : No saved request
2022-12-21 21:34:29.708 TRACE 21284 --- [http-nio-80-exec-5] o.s.security.web.FilterChainProxy        : Invoking SecurityContextHolderAwareRequestFilter (9/13)
2022-12-21 21:34:29.708 TRACE 21284 --- [http-nio-80-exec-5] o.s.security.web.FilterChainProxy        : Invoking AnonymousAuthenticationFilter (10/13)
2022-12-21 21:34:29.708 TRACE 21284 --- [http-nio-80-exec-5] o.s.s.w.a.AnonymousAuthenticationFilter  : Did not set SecurityContextHolder since already authenticated UsernamePasswordAuthenticationToken [Principal=com.gamershop.admin.security.GamershopUserDetails@179b62cf, Credentials=[PROTECTED], Authenticated=true, Details=WebAuthenticationDetails [RemoteIpAddress=0:0:0:0:0:0:0:1, SessionId=B1302BC0BB4C0B680B8F16A46DFEB04A], Granted Authorities=[Admin, Editor, Seller]]
2022-12-21 21:34:29.708 TRACE 21284 --- [http-nio-80-exec-5] o.s.security.web.FilterChainProxy        : Invoking SessionManagementFilter (11/13)
2022-12-21 21:34:29.709 TRACE 21284 --- [http-nio-80-exec-5] o.s.security.web.FilterChainProxy        : Invoking ExceptionTranslationFilter (12/13)
2022-12-21 21:34:29.709 TRACE 21284 --- [http-nio-80-exec-5] o.s.security.web.FilterChainProxy        : Invoking FilterSecurityInterceptor (13/13)
2022-12-21 21:34:29.709 TRACE 21284 --- [http-nio-80-exec-5] edFilterInvocationSecurityMetadataSource : Did not match request to ExactUrl [processUrl='/login?error'] - [permitAll] (1/7)
2022-12-21 21:34:29.709 TRACE 21284 --- [http-nio-80-exec-5] edFilterInvocationSecurityMetadataSource : Did not match request to ExactUrl [processUrl='/login'] - [permitAll] (2/7)
2022-12-21 21:34:29.709 TRACE 21284 --- [http-nio-80-exec-5] edFilterInvocationSecurityMetadataSource : Did not match request to ExactUrl [processUrl='/login'] - [permitAll] (3/7)
2022-12-21 21:34:29.709 TRACE 21284 --- [http-nio-80-exec-5] edFilterInvocationSecurityMetadataSource : Did not match request to Ant [pattern='/logout', POST] - [permitAll] (4/7)
2022-12-21 21:34:29.709 TRACE 21284 --- [http-nio-80-exec-5] edFilterInvocationSecurityMetadataSource : Did not match request to ExactUrl [processUrl='/login?logout'] - [permitAll] (5/7)
2022-12-21 21:34:29.709 TRACE 21284 --- [http-nio-80-exec-5] edFilterInvocationSecurityMetadataSource : Did not match request to Ant [pattern='/users**/'] - [hasAuthority('Admin')] (6/7)
2022-12-21 21:34:29.709 TRACE 21284 --- [http-nio-80-exec-5] o.s.s.w.a.i.FilterSecurityInterceptor    : Did not re-authenticate UsernamePasswordAuthenticationToken [Principal=com.gamershop.admin.security.GamershopUserDetails@179b62cf, Credentials=[PROTECTED], Authenticated=true, Details=WebAuthenticationDetails [RemoteIpAddress=0:0:0:0:0:0:0:1, SessionId=B1302BC0BB4C0B680B8F16A46DFEB04A], Granted Authorities=[Admin, Editor, Seller]] before authorizing
2022-12-21 21:34:29.709 TRACE 21284 --- [http-nio-80-exec-5] o.s.s.w.a.i.FilterSecurityInterceptor    : Authorizing filter invocation [GET /jquery.richtext.min.js] with attributes [authenticated]
2022-12-21 21:34:29.709 DEBUG 21284 --- [http-nio-80-exec-5] o.s.s.w.a.i.FilterSecurityInterceptor    : Authorized filter invocation [GET /jquery.richtext.min.js] with attributes [authenticated]
2022-12-21 21:34:29.709 TRACE 21284 --- [http-nio-80-exec-5] o.s.s.w.a.i.FilterSecurityInterceptor    : Did not switch RunAs authentication since RunAsManager returned null
2022-12-21 21:34:29.709 DEBUG 21284 --- [http-nio-80-exec-5] o.s.security.web.FilterChainProxy        : Secured GET /jquery.richtext.min.js
2022-12-21 21:34:29.710 TRACE 21284 --- [http-nio-80-exec-9] o.s.s.w.header.writers.HstsHeaderWriter  : Not injecting HSTS header since it did not match request to [Is Secure]
2022-12-21 21:34:29.710 DEBUG 21284 --- [http-nio-80-exec-9] s.s.w.c.SecurityContextPersistenceFilter : Cleared SecurityContextHolder to complete request
2022-12-21 21:34:29.711 TRACE 21284 --- [http-nio-80-exec-5] o.s.s.w.header.writers.HstsHeaderWriter  : Not injecting HSTS header since it did not match request to [Is Secure]
2022-12-21 21:34:29.711 DEBUG 21284 --- [http-nio-80-exec-5] s.s.w.c.SecurityContextPersistenceFilter : Cleared SecurityContextHolder to complete request
